<?xml version="1.0" encoding="UTF-8"?>
<!-- Generated by org.testng.reporters.JUnitXMLReporter -->
<testsuite hostname="DESKTOP-VO07NQ3" name="Surefire test" tests="3" failures="0" timestamp="14 May 2022 16:05:48 GMT" time="124.3" errors="0">
  <testcase name="hospitalNames" time="113.777" classname="testSuites.TestCases"/>
  <testcase name="TopCities" time="6.013" classname="testSuites.TestCases"/>
  <testcase name="invalidcorporateWellness" time="0.718" classname="testSuites.TestCases">
    <skipped/>
  </testcase> <!-- invalidcorporateWellness -->
</testsuite> <!-- Surefire test -->
