<?xml version="1.0" encoding="UTF-8"?>
<testng-results total="3" passed="3" failed="0" skipped="0">
  <reporter-output>
  </reporter-output>
  <suite started-at="2022-05-13T05:43:20Z" name="Surefire suite" finished-at="2022-05-13T05:45:15Z" duration-ms="115528">
    <groups>
    </groups>
    <test started-at="2022-05-13T05:43:20Z" name="Surefire test" finished-at="2022-05-13T05:45:15Z" duration-ms="115528">
      <class name="testSuites.TestCases">
        <test-method is-config="true" signature="invokeBrowser()[pri:0, instance:testSuites.TestCases@c267ef4]" started-at="2022-05-13T11:13:20Z" name="invokeBrowser" finished-at="2022-05-13T11:13:22Z" duration-ms="2266" status="PASS">
          <reporter-output>
          </reporter-output>
        </test-method> <!-- invokeBrowser -->
        <test-method signature="hospitalNames()[pri:0, instance:testSuites.TestCases@c267ef4]" started-at="2022-05-13T11:13:22Z" name="hospitalNames" finished-at="2022-05-13T11:14:36Z" duration-ms="73890" status="PASS">
          <reporter-output>
          </reporter-output>
        </test-method> <!-- hospitalNames -->
        <test-method signature="TopCities()[pri:0, instance:testSuites.TestCases@c267ef4]" started-at="2022-05-13T11:14:36Z" name="TopCities" finished-at="2022-05-13T11:14:44Z" duration-ms="8172" status="PASS">
          <reporter-output>
          </reporter-output>
        </test-method> <!-- TopCities -->
        <test-method signature="corporateWellness()[pri:0, instance:testSuites.TestCases@c267ef4]" started-at="2022-05-13T11:14:44Z" name="corporateWellness" finished-at="2022-05-13T11:15:14Z" duration-ms="30630" status="PASS">
          <reporter-output>
          </reporter-output>
        </test-method> <!-- corporateWellness -->
        <test-method is-config="true" signature="closeBrowser()[pri:0, instance:testSuites.TestCases@c267ef4]" started-at="2022-05-13T11:15:14Z" name="closeBrowser" finished-at="2022-05-13T11:15:15Z" duration-ms="563" status="PASS">
          <reporter-output>
          </reporter-output>
        </test-method> <!-- closeBrowser -->
      </class> <!-- testSuites.TestCases -->
    </test> <!-- Surefire test -->
  </suite> <!-- Surefire suite -->
</testng-results>
