<?xml version="1.0" encoding="UTF-8"?>
<testsuite xmlns:xsi="http://www.w3.org/2001/XMLSchema-instance" xsi:noNamespaceSchemaLocation="https://maven.apache.org/surefire/maven-surefire-plugin/xsd/surefire-test-report-3.0.xsd" version="3.0" name="testSuites.TestCases" time="116.072" tests="3" errors="0" skipped="0" failures="0">
  <properties>
[...]
</properties>
  <testcase name="hospitalNames" classname="testSuites.TestCases" time="73.89">
    <system-out><![CDATA[*************************************************************
            Hospitals with ratings > 3.5 :
*************************************************************
4.0 - HOSMAT Hospital
4.5 - Motherhood Hospital
4.0 - Koshys Hospital
4.5 - NU Hospitals
4.5 - Apollo Cradle & Children’s Hospital
4.0 - Specialist Hospital
4.5 - Cloudnine Hospital - Old Airport Road
4.5 - Queens Hospital
5.0 - Jayashree Speciality Hospital
4.5 - Cloudnine Hospital
4.5 - Cloudnine Hospital - Whitefield
4.5 - Cloudnine Hospital - Bellandur
4.5 - Cloudnine Hospital - Jayanagar
5.0 - Cloudnine Fertility - IVF Centre, Old Airport Road
4.5 - Divakars Speciality Hospital
4.5 - Cloudnine Fertility - IVF Centre, Jayanagar
5.0 - Cloudnine Fertility - IVF Centre, Whitefield
5.0 - Motherhood Hospital
5.0 - Trustwell Hospitals
5.0 - Wellspring - The Fertility Centre
5.0 - Cloudnine Fertility - IVF Centre, Malleshwaram
4.0 - Rainbow Children's Hospital
5.0 - Cloudnine Fertility - IVF Centre, Bellandur
5.0 - Cloudnine Fertility - IVF Centre, HRBR Layout
5.0 - Motherhood Fertility and IVF - Sarjapur Road
5.0 - Motherhood Fertility and IVF - Banashankari
4.0 - Motherhood Fertility and IVF - Electronic City
5.0 - Aster Women & Children Hospital
5.0 - Cloudnine Fertility - IVF Centre, Electronic City
4.0 - Sakra World Hospital
4.0 - Manipal Hospital, Yeshwanthpur
4.5 - Greenview Medical Center
4.0 - Navachethana Hospital
4.5 - Poornima Hospital
5.0 - Cloudnine Children's Hospital - Jayanagar
4.5 - St. Philomena's Hospital
4.5 - Femiint Fertility Hospital
4.5 - Aaxis Super Speciality Hospital
4.0 - Blossom multispecialty hospital
4.0 - Jayashree Multispeciality Hospital
4.5 - Axon Speciality Hospital
4.5 - Aveksha Hospital
4.0 - Sagar Hospitals
5.0 - Ramakrishna Super Speciality Hospital
4.5 - Motherhood Hospital
4.0 - Springleaf Healthcare
4.5 - Mallige Medical Centre
4.0 - RxDx Healthcare
4.5 - Brindhavvan Areion Hospital
4.5 - Birthright By Rainbow
4.5 - Sanjeevini MultispecialIty Hospital
5.0 - Motherhood Hospital
4.5 - Sakhii Hospital
4.5 - Apple Hospital
4.5 - Spandana Hospital and Healthcare centre
4.0 - Hospitec Multi Speciality Hospital
4.0 - Bhagwan Mahaveer Jain Hospital
4.0 - Nethradhama Super Speciality Eye Hospital
4.5 - Spandana Hospital Rehabilitation Center
4.5 - Parkmed
4.0 - Sri Sai Ram Hospital
4.5 - Birthright By Rainbow
4.5 - Punya Hospital
4.0 - Abhaya Hospital
4.5 - Acura Speciality Hospital
4.5 - Mazumdar Shaw Medical Center
4.0 - S J Hospital
4.5 - HCG - The Specialist in Cancer Care
5.0 - Family Hospital
5.0 - Ovum Woman & Child Speciality Hospital
4.5 - Sapthagiri Hospital
4.5 - Maiya Multi Speciality Hospital
4.5 - City Hospital
4.0 - Sri Ram Speciality Hospital
4.5 - Shri Vijayalakshmi Hospital & Trauma Centre
]]></system-out>
    <system-err><![CDATA[Starting ChromeDriver 101.0.4951.41 (93c720db8323b3ec10d056025ab95c23a31997c9-refs/branch-heads/4951@{#904}) on port 41374
Only local connections are allowed.
Please see https://chromedriver.chromium.org/security-considerations for suggestions on keeping ChromeDriver safe.
ChromeDriver was started successfully.
May 13, 2022 11:13:22 AM org.openqa.selenium.remote.ProtocolHandshake createSession
INFO: Detected dialect: W3C
]]></system-err>
  </testcase>
  <testcase name="TopCities" classname="testSuites.TestCases" time="8.171">
    <system-out><![CDATA[*****************************************
            Top Cities are: 
*****************************************
Bangalore
Delhi
Mumbai
Chennai
Hyderabad
Kolkata
Pune
Ahmedabad
]]></system-out>
  </testcase>
  <testcase name="corporateWellness" classname="testSuites.TestCases" time="30.629"/>
</testsuite>