<?xml version="1.0" encoding="UTF-8"?>
<testng-results skipped="0" failed="0" total="3" passed="3">
  <reporter-output>
  </reporter-output>
  <suite name="Surefire suite" duration-ms="60528" started-at="2022-05-17T13:12:41Z" finished-at="2022-05-17T13:13:41Z">
    <groups>
    </groups>
    <test name="Surefire test" duration-ms="60528" started-at="2022-05-17T13:12:41Z" finished-at="2022-05-17T13:13:41Z">
      <class name="testSuites.TestCases">
        <test-method status="PASS" signature="invokeBrowser()[pri:0, instance:testSuites.TestCases@e874448]" name="invokeBrowser" is-config="true" duration-ms="1946" started-at="2022-05-17T18:42:41Z" finished-at="2022-05-17T18:42:43Z">
          <reporter-output>
          </reporter-output>
        </test-method> <!-- invokeBrowser -->
        <test-method status="PASS" signature="hospitalNames()[pri:0, instance:testSuites.TestCases@e874448]" name="hospitalNames" duration-ms="46830" started-at="2022-05-17T18:42:43Z" finished-at="2022-05-17T18:43:30Z">
          <reporter-output>
          </reporter-output>
        </test-method> <!-- hospitalNames -->
        <test-method status="PASS" signature="TopCities()[pri:0, instance:testSuites.TestCases@e874448]" name="TopCities" duration-ms="3288" started-at="2022-05-17T18:43:30Z" finished-at="2022-05-17T18:43:33Z">
          <reporter-output>
          </reporter-output>
        </test-method> <!-- TopCities -->
        <test-method status="PASS" signature="invalidcorporateWellness()[pri:0, instance:testSuites.TestCases@e874448]" name="invalidcorporateWellness" duration-ms="7472" started-at="2022-05-17T18:43:33Z" finished-at="2022-05-17T18:43:41Z">
          <reporter-output>
          </reporter-output>
        </test-method> <!-- invalidcorporateWellness -->
        <test-method status="PASS" signature="closeBrowser()[pri:0, instance:testSuites.TestCases@e874448]" name="closeBrowser" is-config="true" duration-ms="976" started-at="2022-05-17T18:43:41Z" finished-at="2022-05-17T18:43:41Z">
          <reporter-output>
          </reporter-output>
        </test-method> <!-- closeBrowser -->
      </class> <!-- testSuites.TestCases -->
    </test> <!-- Surefire test -->
  </suite> <!-- Surefire suite -->
</testng-results>
