<?xml version="1.0" encoding="UTF-8"?>
<testsuite xmlns:xsi="http://www.w3.org/2001/XMLSchema-instance" xsi:noNamespaceSchemaLocation="https://maven.apache.org/surefire/maven-surefire-plugin/xsd/surefire-test-report-3.0.xsd" version="3.0" name="testSuites.TestCases" time="3.237" tests="4" errors="0" skipped="4" failures="0">
  <properties>
[...]
</properties>
  <testcase name="hospitalNames" classname="testSuites.TestCases" time="0">
    <skipped/>
    <system-err><![CDATA[May 13, 2022 5:56:53 PM org.openqa.selenium.remote.DesiredCapabilities chrome
INFO: Using `new ChromeOptions()` is preferred to `DesiredCapabilities.chrome()`
]]></system-err>
  </testcase>
  <testcase name="TopCities" classname="testSuites.TestCases" time="0">
    <skipped/>
  </testcase>
  <testcase name="corporateWellness" classname="testSuites.TestCases" time="0">
    <skipped/>
  </testcase>
  <testcase name="closeBrowser" classname="testSuites.TestCases" time="0">
    <skipped/>
  </testcase>
</testsuite>