<?xml version="1.0" encoding="UTF-8"?>
<testng-results total="4" passed="4" failed="0" skipped="0">
  <reporter-output>
  </reporter-output>
  <suite started-at="2022-05-12T09:29:53Z" name="Default suite" finished-at="2022-05-12T09:32:06Z" duration-ms="133239">
    <groups>
    </groups>
    <test started-at="2022-05-12T09:29:53Z" name="Default test" finished-at="2022-05-12T09:32:06Z" duration-ms="133239">
      <class name="testSuites.TestCases">
        <test-method signature="hospitalNames()[pri:0, instance:testSuites.TestCases@6ea2bc93]" started-at="2022-05-12T15:01:08Z" name="hospitalNames" finished-at="2022-05-12T15:01:53Z" duration-ms="45061" status="PASS">
          <reporter-output>
          </reporter-output>
        </test-method> <!-- hospitalNames -->
        <test-method signature="TopCities()[pri:0, instance:testSuites.TestCases@6ea2bc93]" started-at="2022-05-12T15:01:53Z" name="TopCities" finished-at="2022-05-12T15:01:56Z" duration-ms="3349" status="PASS">
          <reporter-output>
          </reporter-output>
        </test-method> <!-- TopCities -->
        <test-method signature="corporateWellness()[pri:0, instance:testSuites.TestCases@6ea2bc93]" started-at="2022-05-12T15:01:56Z" name="corporateWellness" finished-at="2022-05-12T15:02:05Z" duration-ms="9097" status="PASS">
          <reporter-output>
          </reporter-output>
        </test-method> <!-- corporateWellness -->
      </class> <!-- testSuites.TestCases -->
      <class name="testSuites.SmokeTesting">
        <test-method is-config="true" signature="invokeBrowser()[pri:0, instance:testSuites.SmokeTesting@589da3f3]" started-at="2022-05-12T14:59:53Z" name="invokeBrowser" finished-at="2022-05-12T14:59:54Z" duration-ms="1730" status="PASS">
          <reporter-output>
          </reporter-output>
        </test-method> <!-- invokeBrowser -->
        <test-method is-config="true" signature="invokeBrowser()[pri:0, instance:testSuites.TestCases@6ea2bc93]" started-at="2022-05-12T14:59:54Z" name="invokeBrowser" finished-at="2022-05-12T14:59:56Z" duration-ms="1296" status="PASS">
          <reporter-output>
          </reporter-output>
        </test-method> <!-- invokeBrowser -->
        <test-method signature="testing()[pri:0, instance:testSuites.SmokeTesting@589da3f3]" started-at="2022-05-12T14:59:56Z" name="testing" finished-at="2022-05-12T15:01:08Z" duration-ms="71996" status="PASS">
          <reporter-output>
          </reporter-output>
        </test-method> <!-- testing -->
        <test-method is-config="true" signature="closeBrowser()[pri:0, instance:testSuites.SmokeTesting@589da3f3]" started-at="2022-05-12T15:02:05Z" name="closeBrowser" finished-at="2022-05-12T15:02:06Z" duration-ms="468" status="PASS">
          <reporter-output>
          </reporter-output>
        </test-method> <!-- closeBrowser -->
        <test-method is-config="true" signature="closeBrowser()[pri:0, instance:testSuites.TestCases@6ea2bc93]" started-at="2022-05-12T15:02:06Z" name="closeBrowser" finished-at="2022-05-12T15:02:06Z" duration-ms="229" status="PASS">
          <reporter-output>
          </reporter-output>
        </test-method> <!-- closeBrowser -->
      </class> <!-- testSuites.SmokeTesting -->
    </test> <!-- Default test -->
  </suite> <!-- Default suite -->
</testng-results>
