<?xml version="1.0" encoding="UTF-8"?>
<!-- Generated by org.testng.reporters.JUnitXMLReporter -->
<testsuite hostname="DESKTOP-VO07NQ3" ignored="2" name="Default test" tests="1" failures="0" timestamp="2022-05-17T18:42:24 IST" time="8.723" errors="0">
  <testcase name="invalidcorporateWellness" time="5.706" classname="testSuites.TestCases"/>
  <testcase name="hospitalNames" time="0.0" classname="testSuites.TestCases">
    <ignored/>
  </testcase> <!-- hospitalNames -->
  <testcase name="TopCities" time="0.0" classname="testSuites.TestCases">
    <ignored/>
  </testcase> <!-- TopCities -->
</testsuite> <!-- Default test -->
