<?xml version="1.0" encoding="UTF-8"?>
<!-- Generated by org.testng.reporters.JUnitXMLReporter -->
<testsuite hostname="DESKTOP-BQAO79T" failures="0" tests="4" name="Default test" time="133.239" errors="0" timestamp="12 May 2022 09:32:06 GMT">
  <testcase classname="testSuites.SmokeTesting" name="testing" time="71.996"/>
  <testcase classname="testSuites.TestCases" name="hospitalNames" time="45.061"/>
  <testcase classname="testSuites.TestCases" name="TopCities" time="3.349"/>
  <testcase classname="testSuites.TestCases" name="corporateWellness" time="9.097"/>
</testsuite> <!-- Default test -->
